<?xml version="1.0" encoding="UTF-8"?>
<!-- Generated by org.testng.reporters.JUnitReportReporter -->
<testsuite skipped="1" hostname="SaurabhGupta" name="TestCases.ClientInfoTest" tests="2" failures="0" timestamp="2020-07-14T12:57:11 IST" time="4.441" errors="1">
  <testcase name="loginToLockTon" time="0.000" classname="TestCases.ClientInfoTest">
    <skipped/>
  </testcase> <!-- loginToLockTon -->
  <system-out/>
  <testcase name="setUp" time="4.441" classname="TestCases.ClientInfoTest">
    <error type="org.openqa.selenium.SessionNotCreatedException" message="session not created: This version of ChromeDriver only supports Chrome version 81
Build info: version: &#039;3.141.59&#039;, revision: &#039;e82be7d358&#039;, time: &#039;2018-11-14T08:17:03&#039;
System info: host: &#039;SAURABHGUPTA&#039;, ip: &#039;192.168.29.28&#039;, os.name: &#039;Windows 10&#039;, os.arch: &#039;amd64&#039;, os.version: &#039;10.0&#039;, java.version: &#039;1.8.0_231&#039;
Driver info: driver.version: ChromeDriver
remote stacktrace: Backtrace:
	Ordinal0 [0x00D85F73+2449267]
	Ordinal0 [0x00CB8361+1606497]
	Ordinal0 [0x00BAF969+522601]
	Ordinal0 [0x00B405F3+67059]
	Ordinal0 [0x00B3CD92+52626]
	Ordinal0 [0x00B5C127+180519]
	Ordinal0 [0x00B5BF2D+180013]
	Ordinal0 [0x00B59E5B+171611]
	Ordinal0 [0x00B41DD8+73176]
	Ordinal0 [0x00B42E50+77392]
	Ordinal0 [0x00B42DE9+77289]
	Ordinal0 [0x00CCD8D7+1693911]
	GetHandleVerifier [0x00E24036+522726]
	GetHandleVerifier [0x00E23D74+522020]
	GetHandleVerifier [0x00E39187+609079]
	GetHandleVerifier [0x00E248A6+524886]
	Ordinal0 [0x00CC5CBC+1662140]
	Ordinal0 [0x00CCF23B+1700411]
	Ordinal0 [0x00CCF3A3+1700771]
	Ordinal0 [0x00CE5215+1790485]
	BaseThreadInitThunk [0x76C66359+25]
	RtlGetAppContainerNamedObjectPath [0x77B07C24+228]
	RtlGetAppContainerNamedObjectPath [0x77B07BF4+180]
">
      <![CDATA[org.openqa.selenium.SessionNotCreatedException: session not created: This version of ChromeDriver only supports Chrome version 81
Build info: version: '3.141.59', revision: 'e82be7d358', time: '2018-11-14T08:17:03'
System info: host: 'SAURABHGUPTA', ip: '192.168.29.28', os.name: 'Windows 10', os.arch: 'amd64', os.version: '10.0', java.version: '1.8.0_231'
Driver info: driver.version: ChromeDriver
remote stacktrace: Backtrace:
Ordinal0 [0x00D85F73+2449267]
Ordinal0 [0x00CB8361+1606497]
Ordinal0 [0x00BAF969+522601]
Ordinal0 [0x00B405F3+67059]
Ordinal0 [0x00B3CD92+52626]
Ordinal0 [0x00B5C127+180519]
Ordinal0 [0x00B5BF2D+180013]
Ordinal0 [0x00B59E5B+171611]
Ordinal0 [0x00B41DD8+73176]
Ordinal0 [0x00B42E50+77392]
Ordinal0 [0x00B42DE9+77289]
Ordinal0 [0x00CCD8D7+1693911]
GetHandleVerifier [0x00E24036+522726]
GetHandleVerifier [0x00E23D74+522020]
GetHandleVerifier [0x00E39187+609079]
GetHandleVerifier [0x00E248A6+524886]
Ordinal0 [0x00CC5CBC+1662140]
Ordinal0 [0x00CCF23B+1700411]
Ordinal0 [0x00CCF3A3+1700771]
Ordinal0 [0x00CE5215+1790485]
BaseThreadInitThunk [0x76C66359+25]
RtlGetAppContainerNamedObjectPath [0x77B07C24+228]
RtlGetAppContainerNamedObjectPath [0x77B07BF4+180]

at sun.reflect.NativeConstructorAccessorImpl.newInstance0(Native Method)
at sun.reflect.NativeConstructorAccessorImpl.newInstance(NativeConstructorAccessorImpl.java:62)
at sun.reflect.DelegatingConstructorAccessorImpl.newInstance(DelegatingConstructorAccessorImpl.java:45)
at java.lang.reflect.Constructor.newInstance(Constructor.java:423)
at org.openqa.selenium.remote.W3CHandshakeResponse.lambda$errorHandler$0(W3CHandshakeResponse.java:62)
at org.openqa.selenium.remote.HandshakeResponse.lambda$getResponseFunction$0(HandshakeResponse.java:30)
at org.openqa.selenium.remote.ProtocolHandshake.lambda$createSession$0(ProtocolHandshake.java:126)
at java.util.stream.ReferencePipeline$3$1.accept(ReferencePipeline.java:193)
at java.util.Spliterators$ArraySpliterator.tryAdvance(Spliterators.java:958)
at java.util.stream.ReferencePipeline.forEachWithCancel(ReferencePipeline.java:126)
at java.util.stream.AbstractPipeline.copyIntoWithCancel(AbstractPipeline.java:499)
at java.util.stream.AbstractPipeline.copyInto(AbstractPipeline.java:486)
at java.util.stream.AbstractPipeline.wrapAndCopyInto(AbstractPipeline.java:472)
at java.util.stream.FindOps$FindOp.evaluateSequential(FindOps.java:152)
at java.util.stream.AbstractPipeline.evaluate(AbstractPipeline.java:234)
at java.util.stream.ReferencePipeline.findFirst(ReferencePipeline.java:464)
at org.openqa.selenium.remote.ProtocolHandshake.createSession(ProtocolHandshake.java:128)
at org.openqa.selenium.remote.ProtocolHandshake.createSession(ProtocolHandshake.java:74)
at org.openqa.selenium.remote.HttpCommandExecutor.execute(HttpCommandExecutor.java:136)
at org.openqa.selenium.remote.service.DriverCommandExecutor.execute(DriverCommandExecutor.java:83)
at org.openqa.selenium.remote.RemoteWebDriver.execute(RemoteWebDriver.java:552)
at org.openqa.selenium.remote.RemoteWebDriver.startSession(RemoteWebDriver.java:213)
at org.openqa.selenium.remote.RemoteWebDriver.<init>(RemoteWebDriver.java:131)
at org.openqa.selenium.chrome.ChromeDriver.<init>(ChromeDriver.java:181)
at org.openqa.selenium.chrome.ChromeDriver.<init>(ChromeDriver.java:168)
at org.openqa.selenium.chrome.ChromeDriver.<init>(ChromeDriver.java:123)
at Base.TestBase.setUp(TestBase.java:89)
at sun.reflect.NativeMethodAccessorImpl.invoke0(Native Method)
at sun.reflect.NativeMethodAccessorImpl.invoke(NativeMethodAccessorImpl.java:62)
at sun.reflect.DelegatingMethodAccessorImpl.invoke(DelegatingMethodAccessorImpl.java:43)
at java.lang.reflect.Method.invoke(Method.java:498)
at org.testng.internal.MethodInvocationHelper.invokeMethod(MethodInvocationHelper.java:134)
at org.testng.internal.MethodInvocationHelper.invokeMethodConsideringTimeout(MethodInvocationHelper.java:63)
at org.testng.internal.ConfigInvoker.invokeConfigurationMethod(ConfigInvoker.java:348)
at org.testng.internal.ConfigInvoker.invokeConfigurations(ConfigInvoker.java:302)
at org.testng.SuiteRunner.privateRun(SuiteRunner.java:327)
at org.testng.SuiteRunner.run(SuiteRunner.java:286)
at org.testng.SuiteRunnerWorker.runSuite(SuiteRunnerWorker.java:53)
at org.testng.SuiteRunnerWorker.run(SuiteRunnerWorker.java:96)
at org.testng.TestNG.runSuitesSequentially(TestNG.java:1187)
at org.testng.TestNG.runSuitesLocally(TestNG.java:1109)
at org.testng.TestNG.runSuites(TestNG.java:1039)
at org.testng.TestNG.run(TestNG.java:1007)
at org.testng.remote.AbstractRemoteTestNG.run(AbstractRemoteTestNG.java:115)
at org.testng.remote.RemoteTestNG.initAndRun(RemoteTestNG.java:251)
at org.testng.remote.RemoteTestNG.main(RemoteTestNG.java:77)
]]>
    </error>
  </testcase> <!-- setUp -->
  <system-out/>
</testsuite> <!-- TestCases.ClientInfoTest -->
